[19-Nov-2017 20:41:53 UTC] PHP Warning:  file_get_contents(data:): failed to open stream: rfc2397: no comma in URL in /home/ubuntu/workspace/php/uploadFile.php on line 24
[19-Nov-2017 20:41:53 UTC] PHP Stack trace:
[19-Nov-2017 20:41:53 UTC] PHP   1. {main}() /home/ubuntu/workspace/php/uploadFile.php:0
[19-Nov-2017 20:41:53 UTC] PHP   2. file_get_contents() /home/ubuntu/workspace/php/uploadFile.php:24
[19-Nov-2017 20:42:50 UTC] PHP Warning:  file_get_contents(): Filename cannot be empty in /home/ubuntu/workspace/php/uploadFile.php on line 24
[19-Nov-2017 20:42:50 UTC] PHP Stack trace:
[19-Nov-2017 20:42:50 UTC] PHP   1. {main}() /home/ubuntu/workspace/php/uploadFile.php:0
[19-Nov-2017 20:42:50 UTC] PHP   2. file_get_contents() /home/ubuntu/workspace/php/uploadFile.php:24
[19-Nov-2017 20:42:50 UTC] PHP Warning:  file_put_contents(../uploads/): failed to open stream: Is a directory in /home/ubuntu/workspace/php/uploadFile.php on line 25
[19-Nov-2017 20:42:50 UTC] PHP Stack trace:
[19-Nov-2017 20:42:50 UTC] PHP   1. {main}() /home/ubuntu/workspace/php/uploadFile.php:0
[19-Nov-2017 20:42:50 UTC] PHP   2. file_put_contents() /home/ubuntu/workspace/php/uploadFile.php:25
[20-Nov-2017 05:49:58 UTC] PHP Warning:  file_get_contents(): Filename cannot be empty in /home/ubuntu/workspace/php/uploadFile.php on line 24
[20-Nov-2017 05:49:58 UTC] PHP Stack trace:
[20-Nov-2017 05:49:58 UTC] PHP   1. {main}() /home/ubuntu/workspace/php/uploadFile.php:0
[20-Nov-2017 05:49:58 UTC] PHP   2. file_get_contents() /home/ubuntu/workspace/php/uploadFile.php:24
[20-Nov-2017 05:49:58 UTC] PHP Warning:  file_put_contents(../uploads/): failed to open stream: Is a directory in /home/ubuntu/workspace/php/uploadFile.php on line 25
[20-Nov-2017 05:49:58 UTC] PHP Stack trace:
[20-Nov-2017 05:49:58 UTC] PHP   1. {main}() /home/ubuntu/workspace/php/uploadFile.php:0
[20-Nov-2017 05:49:58 UTC] PHP   2. file_put_contents() /home/ubuntu/workspace/php/uploadFile.php:25
[20-Nov-2017 06:24:29 UTC] PHP Warning:  file_get_contents(data:): failed to open stream: rfc2397: no comma in URL in /home/ubuntu/workspace/php/uploadFile.php on line 24
[20-Nov-2017 06:24:29 UTC] PHP Stack trace:
[20-Nov-2017 06:24:29 UTC] PHP   1. {main}() /home/ubuntu/workspace/php/uploadFile.php:0
[20-Nov-2017 06:24:29 UTC] PHP   2. file_get_contents() /home/ubuntu/workspace/php/uploadFile.php:24
[22-Nov-2017 06:04:44 UTC] PHP Warning:  unlink(../aad1617as/alliedhealth/uploads/Rampal - Hanayome Ningyo.mp3): No such file or directory in /home/ubuntu/workspace/php/deleteFile.php on line 17
[22-Nov-2017 06:04:44 UTC] PHP Stack trace:
[22-Nov-2017 06:04:44 UTC] PHP   1. {main}() /home/ubuntu/workspace/php/deleteFile.php:0
[22-Nov-2017 06:04:44 UTC] PHP   2. unlink() /home/ubuntu/workspace/php/deleteFile.php:17
[22-Nov-2017 06:05:09 UTC] PHP Warning:  unlink(../aad1617as/alliedhealth/uploads/Rampal - Chugoku Chiho No Komori Uta.mp3): No such file or directory in /home/ubuntu/workspace/php/deleteFile.php on line 17
[22-Nov-2017 06:05:09 UTC] PHP Stack trace:
[22-Nov-2017 06:05:09 UTC] PHP   1. {main}() /home/ubuntu/workspace/php/deleteFile.php:0
[22-Nov-2017 06:05:09 UTC] PHP   2. unlink() /home/ubuntu/workspace/php/deleteFile.php:17
[22-Nov-2017 06:05:30 UTC] PHP Warning:  unlink(../aad1617as/alliedhealth/uploads/Van Morrison - Did Ye Get Healed.mp3): No such file or directory in /home/ubuntu/workspace/php/deleteFile.php on line 17
[22-Nov-2017 06:05:30 UTC] PHP Stack trace:
[22-Nov-2017 06:05:30 UTC] PHP   1. {main}() /home/ubuntu/workspace/php/deleteFile.php:0
[22-Nov-2017 06:05:30 UTC] PHP   2. unlink() /home/ubuntu/workspace/php/deleteFile.php:17
[22-Nov-2017 06:05:44 UTC] PHP Warning:  unlink(../aad1617as/alliedhealth/uploads/Kraftwerk - Computer Love.mp3): No such file or directory in /home/ubuntu/workspace/php/deleteFile.php on line 17
[22-Nov-2017 06:05:44 UTC] PHP Stack trace:
[22-Nov-2017 06:05:44 UTC] PHP   1. {main}() /home/ubuntu/workspace/php/deleteFile.php:0
[22-Nov-2017 06:05:44 UTC] PHP   2. unlink() /home/ubuntu/workspace/php/deleteFile.php:17
